textDocument/didChange {
  "contentChanges": [
    {
      "rangeLength": 0,
      "range": {
        "start": {
          "line": 0,
          "character": 0
        },
        "end": {
          "line": 0,
          "character": 0
        }
      },
      "text": " "
    },
    {
      "rangeLength": 0,
      "range": {
        "start": {
          "line": 0,
          "character": 1
        },
        "end": {
          "line": 0,
          "character": 1
        }
      },
      "text": " "
    },
    {
      "rangeLength": 0,
      "range": {
        "start": {
          "line": 0,
          "character": 2
        },
        "end": {
          "line": 0,
          "character": 2
        }
      },
      "text": " "
    },
    {
      "rangeLength": 0,
      "range": {
        "start": {
          "line": 0,
          "character": 3
        },
        "end": {
          "line": 0,
          "character": 3
        }
      },
      "text": " "
    },
    {
      "rangeLength": 0,
      "range": {
        "start": {
          "line": 0,
          "character": 4
        },
        "end": {
          "line": 0,
          "character": 4
        }
      },
      "text": " "
    },
    {
      "rangeLength": 0,
      "range": {
        "start": {
          "line": 0,
          "character": 5
        },
        "end": {
          "line": 0,
          "character": 5
        }
      },
      "text": " "
    },
    {
      "rangeLength": 0,
      "range": {
        "start": {
          "line": 0,
          "character": 6
        },
        "end": {
          "line": 0,
          "character": 6
        }
      },
      "text": " "
    },
    {
      "rangeLength": 0,
      "range": {
        "start": {
          "line": 0,
          "character": 7
        },
        "end": {
          "line": 0,
          "character": 7
        }
      },
      "text": " "
    }
  ],
  "textDocument": {
    "uri": "file:\/\/\/home\/icholy\/src\/github.com\/icholy\/quickfixbug\/lsp.go",
    "version": 11
  }
}
textDocument/didChange {
  "contentChanges": [
    {
      "rangeLength": 8,
      "range": {
        "start": {
          "line": 0,
          "character": 0
        },
        "end": {
          "line": 0,
          "character": 8
        }
      },
      "text": "\tj"
    }
  ],
  "textDocument": {
    "uri": "file:\/\/\/home\/icholy\/src\/github.com\/icholy\/quickfixbug\/lsp.go",
    "version": 12
  }
}
textDocument/didChange {
  "contentChanges": [
    {
      "rangeLength": 0,
      "range": {
        "start": {
          "line": 0,
          "character": 2
        },
        "end": {
          "line": 0,
          "character": 2
        }
      },
      "text": "k"
    }
  ],
  "textDocument": {
    "uri": "file:\/\/\/home\/icholy\/src\/github.com\/icholy\/quickfixbug\/lsp.go",
    "version": 13
  }
}
textDocument/didChange {
  "contentChanges": [
    {
      "rangeLength": 1,
      "range": {
        "start": {
          "line": 0,
          "character": 2
        },
        "end": {
          "line": 0,
          "character": 3
        }
      },
      "text": ""
    }
  ],
  "textDocument": {
    "uri": "file:\/\/\/home\/icholy\/src\/github.com\/icholy\/quickfixbug\/lsp.go",
    "version": 14
  }
}
textDocument/didChange {
  "contentChanges": [
    {
      "rangeLength": 1,
      "range": {
        "start": {
          "line": 0,
          "character": 1
        },
        "end": {
          "line": 0,
          "character": 2
        }
      },
      "text": ""
    }
  ],
  "textDocument": {
    "uri": "file:\/\/\/home\/icholy\/src\/github.com\/icholy\/quickfixbug\/lsp.go",
    "version": 15
  }
}
textDocument/didChange {
  "contentChanges": [
    {
      "rangeLength": 0,
      "range": {
        "start": {
          "line": 0,
          "character": 1
        },
        "end": {
          "line": 0,
          "character": 1
        }
      },
      "text": " "
    }
  ],
  "textDocument": {
    "uri": "file:\/\/\/home\/icholy\/src\/github.com\/icholy\/quickfixbug\/lsp.go",
    "version": 16
  }
}
textDocument/didChange {
  "contentChanges": [
    {
      "rangeLength": 0,
      "range": {
        "start": {
          "line": 0,
          "character": 2
        },
        "end": {
          "line": 0,
          "character": 2
        }
      },
      "text": " "
    },
    {
      "rangeLength": 0,
      "range": {
        "start": {
          "line": 0,
          "character": 3
        },
        "end": {
          "line": 0,
          "character": 3
        }
      },
      "text": " "
    },
    {
      "rangeLength": 0,
      "range": {
        "start": {
          "line": 0,
          "character": 4
        },
        "end": {
          "line": 0,
          "character": 4
        }
      },
      "text": " "
    },
    {
      "rangeLength": 0,
      "range": {
        "start": {
          "line": 0,
          "character": 5
        },
        "end": {
          "line": 0,
          "character": 5
        }
      },
      "text": " "
    },
    {
      "rangeLength": 0,
      "range": {
        "start": {
          "line": 0,
          "character": 6
        },
        "end": {
          "line": 0,
          "character": 6
        }
      },
      "text": " "
    },
    {
      "rangeLength": 0,
      "range": {
        "start": {
          "line": 0,
          "character": 7
        },
        "end": {
          "line": 0,
          "character": 7
        }
      },
      "text": " "
    },
    {
      "rangeLength": 0,
      "range": {
        "start": {
          "line": 0,
          "character": 8
        },
        "end": {
          "line": 0,
          "character": 8
        }
      },
      "text": " "
    }
  ],
  "textDocument": {
    "uri": "file:\/\/\/home\/icholy\/src\/github.com\/icholy\/quickfixbug\/lsp.go",
    "version": 23
  }
}
textDocument/didChange {
  "contentChanges": [
    {
      "rangeLength": 8,
      "range": {
        "start": {
          "line": 0,
          "character": 1
        },
        "end": {
          "line": 0,
          "character": 9
        }
      },
      "text": "\tj"
    }
  ],
  "textDocument": {
    "uri": "file:\/\/\/home\/icholy\/src\/github.com\/icholy\/quickfixbug\/lsp.go",
    "version": 24
  }
}
textDocument/didChange {
  "contentChanges": [
    {
      "rangeLength": 0,
      "range": {
        "start": {
          "line": 0,
          "character": 3
        },
        "end": {
          "line": 0,
          "character": 3
        }
      },
      "text": "k"
    }
  ],
  "textDocument": {
    "uri": "file:\/\/\/home\/icholy\/src\/github.com\/icholy\/quickfixbug\/lsp.go",
    "version": 25
  }
}
textDocument/didChange {
  "contentChanges": [
    {
      "rangeLength": 1,
      "range": {
        "start": {
          "line": 0,
          "character": 3
        },
        "end": {
          "line": 0,
          "character": 4
        }
      },
      "text": ""
    }
  ],
  "textDocument": {
    "uri": "file:\/\/\/home\/icholy\/src\/github.com\/icholy\/quickfixbug\/lsp.go",
    "version": 26
  }
}
textDocument/didChange {
  "contentChanges": [
    {
      "rangeLength": 1,
      "range": {
        "start": {
          "line": 0,
          "character": 2
        },
        "end": {
          "line": 0,
          "character": 3
        }
      },
      "text": ""
    }
  ],
  "textDocument": {
    "uri": "file:\/\/\/home\/icholy\/src\/github.com\/icholy\/quickfixbug\/lsp.go",
    "version": 27
  }
}
textDocument/didChange {
  "contentChanges": [
    {
      "rangeLength": 0,
      "range": {
        "start": {
          "line": 0,
          "character": 2
        },
        "end": {
          "line": 0,
          "character": 2
        }
      },
      "text": " "
    }
  ],
  "textDocument": {
    "uri": "file:\/\/\/home\/icholy\/src\/github.com\/icholy\/quickfixbug\/lsp.go",
    "version": 28
  }
}
textDocument/didChange {
  "contentChanges": [
    {
      "rangeLength": 0,
      "range": {
        "start": {
          "line": 0,
          "character": 3
        },
        "end": {
          "line": 0,
          "character": 3
        }
      },
      "text": " "
    },
    {
      "rangeLength": 0,
      "range": {
        "start": {
          "line": 0,
          "character": 4
        },
        "end": {
          "line": 0,
          "character": 4
        }
      },
      "text": " "
    },
    {
      "rangeLength": 0,
      "range": {
        "start": {
          "line": 0,
          "character": 5
        },
        "end": {
          "line": 0,
          "character": 5
        }
      },
      "text": " "
    },
    {
      "rangeLength": 0,
      "range": {
        "start": {
          "line": 0,
          "character": 6
        },
        "end": {
          "line": 0,
          "character": 6
        }
      },
      "text": " "
    },
    {
      "rangeLength": 0,
      "range": {
        "start": {
          "line": 0,
          "character": 7
        },
        "end": {
          "line": 0,
          "character": 7
        }
      },
      "text": " "
    },
    {
      "rangeLength": 0,
      "range": {
        "start": {
          "line": 0,
          "character": 8
        },
        "end": {
          "line": 0,
          "character": 8
        }
      },
      "text": " "
    },
    {
      "rangeLength": 0,
      "range": {
        "start": {
          "line": 0,
          "character": 9
        },
        "end": {
          "line": 0,
          "character": 9
        }
      },
      "text": " "
    }
  ],
  "textDocument": {
    "uri": "file:\/\/\/home\/icholy\/src\/github.com\/icholy\/quickfixbug\/lsp.go",
    "version": 35
  }
}
textDocument/didChange {
  "contentChanges": [
    {
      "rangeLength": 8,
      "range": {
        "start": {
          "line": 0,
          "character": 2
        },
        "end": {
          "line": 0,
          "character": 10
        }
      },
      "text": ""
    }
  ],
  "textDocument": {
    "uri": "file:\/\/\/home\/icholy\/src\/github.com\/icholy\/quickfixbug\/lsp.go",
    "version": 36
  }
}
textDocument/didChange {
  "contentChanges": [
    {
      "rangeLength": 1,
      "range": {
        "start": {
          "line": 0,
          "character": 1
        },
        "end": {
          "line": 0,
          "character": 2
        }
      },
      "text": ""
    }
  ],
  "textDocument": {
    "uri": "file:\/\/\/home\/icholy\/src\/github.com\/icholy\/quickfixbug\/lsp.go",
    "version": 38
  }
}
textDocument/didChange {
  "contentChanges": [
    {
      "rangeLength": 1,
      "range": {
        "start": {
          "line": 0,
          "character": 0
        },
        "end": {
          "line": 0,
          "character": 1
        }
      },
      "text": ""
    }
  ],
  "textDocument": {
    "uri": "file:\/\/\/home\/icholy\/src\/github.com\/icholy\/quickfixbug\/lsp.go",
    "version": 40
  }
}
textDocument/didChange {
  "contentChanges": [
    {
      "rangeLength": 0,
      "range": {
        "start": {
          "line": 0,
          "character": 0
        },
        "end": {
          "line": 0,
          "character": 0
        }
      },
      "text": "k"
    }
  ],
  "textDocument": {
    "uri": "file:\/\/\/home\/icholy\/src\/github.com\/icholy\/quickfixbug\/lsp.go",
    "version": 41
  }
}
textDocument/didChange {
  "contentChanges": [
    {
      "rangeLength": 0,
      "range": {
        "start": {
          "line": 0,
          "character": 1
        },
        "end": {
          "line": 0,
          "character": 1
        }
      },
      "text": "j"
    }
  ],
  "textDocument": {
    "uri": "file:\/\/\/home\/icholy\/src\/github.com\/icholy\/quickfixbug\/lsp.go",
    "version": 42
  }
}
textDocument/didChange {
  "contentChanges": [
    {
      "rangeLength": 1,
      "range": {
        "start": {
          "line": 0,
          "character": 1
        },
        "end": {
          "line": 0,
          "character": 2
        }
      },
      "text": ""
    }
  ],
  "textDocument": {
    "uri": "file:\/\/\/home\/icholy\/src\/github.com\/icholy\/quickfixbug\/lsp.go",
    "version": 43
  }
}
textDocument/didChange {
  "contentChanges": [
    {
      "rangeLength": 1,
      "range": {
        "start": {
          "line": 0,
          "character": 0
        },
        "end": {
          "line": 0,
          "character": 1
        }
      },
      "text": ""
    }
  ],
  "textDocument": {
    "uri": "file:\/\/\/home\/icholy\/src\/github.com\/icholy\/quickfixbug\/lsp.go",
    "version": 44
  }
}
