textDocument/didChange {
  "contentChanges": [
    {
      "rangeLength": 0,
      "range": {
        "start": {
          "line": 0,
          "character": 0
        },
        "end": {
          "line": 0,
          "character": 0
        }
      },
      "text": " "
    },
    {
      "rangeLength": 0,
      "range": {
        "start": {
          "line": 0,
          "character": 1
        },
        "end": {
          "line": 0,
          "character": 1
        }
      },
      "text": " "
    },
    {
      "rangeLength": 0,
      "range": {
        "start": {
          "line": 0,
          "character": 2
        },
        "end": {
          "line": 0,
          "character": 2
        }
      },
      "text": " "
    },
    {
      "rangeLength": 0,
      "range": {
        "start": {
          "line": 0,
          "character": 3
        },
        "end": {
          "line": 0,
          "character": 3
        }
      },
      "text": " "
    }
  ],
  "textDocument": {
    "uri": "file:\/\/\/home\/icholy\/src\/github.com\/icholy\/nvim-lsp-bug\/README.md",
    "version": 7
  }
}
